<testExecutions version="1">
  <file path="src/components/auth/__tests__/protected-route.test.tsx">
    <testCase name="ProtectedRoute - shows loading state when authentication is loading" duration="36" />
    <testCase name="ProtectedRoute - redirects to login when user is not authenticated" duration="12" />
    <testCase name="ProtectedRoute - renders children when user is authenticated" duration="3" />
    <testCase name="ProtectedRoute - redirects to home when user is not admin" duration="5" />
    <testCase name="ProtectedRoute - renders admin content when user is admin" duration="3" />
  </file>
  <file path="src/components/dashboard/___tests___/KPIGrid.test.tsx">
    <testCase name="KPIGrid - renders loading state initially" duration="93" />
    <testCase name="KPIGrid - renders KPI cards with provided data" duration="16" />
    <testCase name="KPIGrid - applies custom className when provided" duration="12" />
    <testCase name="KPIGrid - displays correct trend icons and colors" duration="8" />
  </file>
  <file path="src/components/dashboard/__tests__/KPIGrid.test.tsx">
    <testCase name="KPIGrid - renders loading state initially" duration="104" />
    <testCase name="KPIGrid - renders KPI cards with provided data" duration="80" />
    <testCase name="KPIGrid - applies custom class names correctly" duration="23" />
    <testCase name="KPIGrid - shows correct trend icons and colors" duration="54" />
  </file>
  <file path="src/components/games/__tests__/game-card.test.tsx">
    <testCase name="GameCard - renders game information correctly" duration="89" />
    <testCase name="GameCard - adds game to cart when clicking add to cart button" duration="161" />
    <testCase name="GameCard - adds game to wishlist when clicking wishlist button" duration="28" />
    <testCase name="GameCard - removes game from wishlist when clicking wishlist button again" duration="22" />
    <testCase name="GameCard - adds game to recently viewed when clicking game link" duration="25" />
    <testCase name="GameCard - renders game without discount correctly" duration="21" />
  </file>
  <file path="src/components/shared/__tests__/animated-button.test.tsx">
    <testCase name="AnimatedButton - renders children correctly" duration="27" />
    <testCase name="AnimatedButton - passes props to Button component" duration="54" />
    <testCase name="AnimatedButton - handles click events" duration="11" />
  </file>
  <file path="src/components/shared/__tests__/animated-card.test.tsx">
    <testCase name="AnimatedCard - renders children correctly" duration="47" />
    <testCase name="AnimatedCard - applies custom className" duration="5" />
    <testCase name="AnimatedCard - applies default classes" duration="3" />
  </file>
  <file path="src/components/shared/__tests__/animated-scroll-to-top.test.tsx">
    <testCase name="AnimatedScrollToTop - is hidden at the top of the page" duration="28" />
    <testCase name="AnimatedScrollToTop - becomes visible when scrolled beyond threshold" duration="109" />
    <testCase name="AnimatedScrollToTop - scrolls to top when clicked" duration="19" />
    <testCase name="AnimatedScrollToTop - respects custom threshold" duration="11" />
  </file>
  <file path="src/components/shared/__tests__/animations.test.tsx">
    <testCase name="Animation Components - renders FadeIn component" duration="18" />
    <testCase name="Animation Components - renders FadeInOut component" duration="4" />
  </file>
  <file path="src/components/shared/__tests__/page-transition.test.tsx">
    <testCase name="PageTransition - renders children correctly" duration="27" />
    <testCase name="PageTransition - applies custom className" duration="5" />
  </file>
  <file path="src/components/shared/__tests__/sortable-list-item.test.tsx">
    <testCase name="SortableListItem - renders with content" duration="29">
      <error message="Invariant failed: Could not find required context">
        <![CDATA[Error: Invariant failed: Could not find required context
    at invariant (/home/tom/build/Tombombadilom/test/test-frontend/node_modules/.pnpm/@hello-pangea+dnd@18.0.1_@types+react@19.0.10_react-dom@19.0.0_react@19.0.0__react@19.0.0/node_modules/@hello-pangea/dnd/dist/dnd.cjs.js:69:11)
    at useRequiredContext (/home/tom/build/Tombombadilom/test/test-frontend/node_modules/.pnpm/@hello-pangea+dnd@18.0.1_@types+react@19.0.10_react-dom@19.0.0_react@19.0.0__react@19.0.0/node_modules/@hello-pangea/dnd/dist/dnd.cjs.js:6327:53)
    at PrivateDraggable (/home/tom/build/Tombombadilom/test/test-frontend/node_modules/.pnpm/@hello-pangea+dnd@18.0.1_@types+react@19.0.10_react-dom@19.0.0_react@19.0.0__react@19.0.0/node_modules/@hello-pangea/dnd/dist/dnd.cjs.js:6619:28)
    at Object.react-stack-bottom-frame (/home/tom/build/Tombombadilom/test/test-frontend/node_modules/.pnpm/react-dom@19.0.0_react@19.0.0/node_modules/react-dom/cjs/react-dom-client.development.js:22428:20)
    at renderWithHooks (/home/tom/build/Tombombadilom/test/test-frontend/node_modules/.pnpm/react-dom@19.0.0_react@19.0.0/node_modules/react-dom/cjs/react-dom-client.development.js:5757:22)
    at updateFunctionComponent (/home/tom/build/Tombombadilom/test/test-frontend/node_modules/.pnpm/react-dom@19.0.0_react@19.0.0/node_modules/react-dom/cjs/react-dom-client.development.js:8018:19)
    at beginWork (/home/tom/build/Tombombadilom/test/test-frontend/node_modules/.pnpm/react-dom@19.0.0_react@19.0.0/node_modules/react-dom/cjs/react-dom-client.development.js:9683:18)
    at runWithFiberInDEV (/home/tom/build/Tombombadilom/test/test-frontend/node_modules/.pnpm/react-dom@19.0.0_react@19.0.0/node_modules/react-dom/cjs/react-dom-client.development.js:543:16)
    at performUnitOfWork (/home/tom/build/Tombombadilom/test/test-frontend/node_modules/.pnpm/react-dom@19.0.0_react@19.0.0/node_modules/react-dom/cjs/react-dom-client.development.js:15052:22)
    at workLoopSync (/home/tom/build/Tombombadilom/test/test-frontend/node_modules/.pnpm/react-dom@19.0.0_react@19.0.0/node_modules/react-dom/cjs/react-dom-client.development.js:14870:41)]]>
      </error>
    </testCase>
    <testCase name="SortableListItem - renders with drag handle" duration="6">
      <error message="Invariant failed: Could not find required context">
        <![CDATA[Error: Invariant failed: Could not find required context
    at invariant (/home/tom/build/Tombombadilom/test/test-frontend/node_modules/.pnpm/@hello-pangea+dnd@18.0.1_@types+react@19.0.10_react-dom@19.0.0_react@19.0.0__react@19.0.0/node_modules/@hello-pangea/dnd/dist/dnd.cjs.js:69:11)
    at useRequiredContext (/home/tom/build/Tombombadilom/test/test-frontend/node_modules/.pnpm/@hello-pangea+dnd@18.0.1_@types+react@19.0.10_react-dom@19.0.0_react@19.0.0__react@19.0.0/node_modules/@hello-pangea/dnd/dist/dnd.cjs.js:6327:53)
    at PrivateDraggable (/home/tom/build/Tombombadilom/test/test-frontend/node_modules/.pnpm/@hello-pangea+dnd@18.0.1_@types+react@19.0.10_react-dom@19.0.0_react@19.0.0__react@19.0.0/node_modules/@hello-pangea/dnd/dist/dnd.cjs.js:6619:28)
    at Object.react-stack-bottom-frame (/home/tom/build/Tombombadilom/test/test-frontend/node_modules/.pnpm/react-dom@19.0.0_react@19.0.0/node_modules/react-dom/cjs/react-dom-client.development.js:22428:20)
    at renderWithHooks (/home/tom/build/Tombombadilom/test/test-frontend/node_modules/.pnpm/react-dom@19.0.0_react@19.0.0/node_modules/react-dom/cjs/react-dom-client.development.js:5757:22)
    at updateFunctionComponent (/home/tom/build/Tombombadilom/test/test-frontend/node_modules/.pnpm/react-dom@19.0.0_react@19.0.0/node_modules/react-dom/cjs/react-dom-client.development.js:8018:19)
    at beginWork (/home/tom/build/Tombombadilom/test/test-frontend/node_modules/.pnpm/react-dom@19.0.0_react@19.0.0/node_modules/react-dom/cjs/react-dom-client.development.js:9683:18)
    at runWithFiberInDEV (/home/tom/build/Tombombadilom/test/test-frontend/node_modules/.pnpm/react-dom@19.0.0_react@19.0.0/node_modules/react-dom/cjs/react-dom-client.development.js:543:16)
    at performUnitOfWork (/home/tom/build/Tombombadilom/test/test-frontend/node_modules/.pnpm/react-dom@19.0.0_react@19.0.0/node_modules/react-dom/cjs/react-dom-client.development.js:15052:22)
    at workLoopSync (/home/tom/build/Tombombadilom/test/test-frontend/node_modules/.pnpm/react-dom@19.0.0_react@19.0.0/node_modules/react-dom/cjs/react-dom-client.development.js:14870:41)]]>
      </error>
    </testCase>
  </file>
  <file path="src/components/shared/__tests__/sortable-list.test.tsx">
    <testCase name="SortableList - renders items" duration="39" />
    <testCase name="SortableList - renders with custom droppableId" duration="58">
      <error message="Unable to find an accessible element with the role &quot;list&quot;

There are no accessible roles. But there might be some inaccessible roles. If you wish to access them, then set the `hidden` option to `true`. Learn more about this here: https://testing-library.com/docs/dom-testing-library/api-queries#byrole

Ignored nodes: comments, script, style
[36m&lt;body&gt;[39m
  [36m&lt;div&gt;[39m
    [36m&lt;div[39m
      [33mclass[39m=[32m&quot;space-y-2&quot;[39m
    [36m&gt;[39m
      [36m&lt;div[39m
        [33mclass[39m=[32m&quot;rounded-md border border-border bg-card p-3&quot;[39m
        [33mstyle[39m=[32m&quot;opacity: 0; transform: translateY(10px);&quot;[39m
      [36m&gt;[39m
        [36m&lt;div&gt;[39m
          [0mItem 1[0m
        [36m&lt;/div&gt;[39m
      [36m&lt;/div&gt;[39m
      [36m&lt;div[39m
        [33mclass[39m=[32m&quot;rounded-md border border-border bg-card p-3&quot;[39m
        [33mstyle[39m=[32m&quot;opacity: 0; transform: translateY(10px);&quot;[39m
      [36m&gt;[39m
        [36m&lt;div&gt;[39m
          [0mItem 2[0m
        [36m&lt;/div&gt;[39m
      [36m&lt;/div&gt;[39m
    [36m&lt;/div&gt;[39m
  [36m&lt;/div&gt;[39m
[36m&lt;/body&gt;[39m">
        <![CDATA[TestingLibraryElementError: Unable to find an accessible element with the role &quot;list&quot;

There are no accessible roles. But there might be some inaccessible roles. If you wish to access them, then set the `hidden` option to `true`. Learn more about this here: https://testing-library.com/docs/dom-testing-library/api-queries#byrole

Ignored nodes: comments, script, style
[36m&lt;body&gt;[39m
  [36m&lt;div&gt;[39m
    [36m&lt;div[39m
      [33mclass[39m=[32m&quot;space-y-2&quot;[39m
    [36m&gt;[39m
      [36m&lt;div[39m
        [33mclass[39m=[32m&quot;rounded-md border border-border bg-card p-3&quot;[39m
        [33mstyle[39m=[32m&quot;opacity: 0; transform: translateY(10px);&quot;[39m
      [36m&gt;[39m
        [36m&lt;div&gt;[39m
          [0mItem 1[0m
        [36m&lt;/div&gt;[39m
      [36m&lt;/div&gt;[39m
      [36m&lt;div[39m
        [33mclass[39m=[32m&quot;rounded-md border border-border bg-card p-3&quot;[39m
        [33mstyle[39m=[32m&quot;opacity: 0; transform: translateY(10px);&quot;[39m
      [36m&gt;[39m
        [36m&lt;div&gt;[39m
          [0mItem 2[0m
        [36m&lt;/div&gt;[39m
      [36m&lt;/div&gt;[39m
    [36m&lt;/div&gt;[39m
  [36m&lt;/div&gt;[39m
[36m&lt;/body&gt;[39m
    at Object.getElementError (/home/tom/build/Tombombadilom/test/test-frontend/node_modules/.pnpm/@testing-library+dom@10.4.0/node_modules/@testing-library/dom/dist/config.js:37:19)
    at /home/tom/build/Tombombadilom/test/test-frontend/node_modules/.pnpm/@testing-library+dom@10.4.0/node_modules/@testing-library/dom/dist/query-helpers.js:76:38
    at /home/tom/build/Tombombadilom/test/test-frontend/node_modules/.pnpm/@testing-library+dom@10.4.0/node_modules/@testing-library/dom/dist/query-helpers.js:52:17
    at /home/tom/build/Tombombadilom/test/test-frontend/node_modules/.pnpm/@testing-library+dom@10.4.0/node_modules/@testing-library/dom/dist/query-helpers.js:95:19
    at /home/tom/build/Tombombadilom/test/test-frontend/src/components/shared/__tests__/sortable-list.test.tsx:40:30
    at file:///home/tom/build/Tombombadilom/test/test-frontend/node_modules/.pnpm/@vitest+runner@1.6.0/node_modules/@vitest/runner/dist/index.js:135:14
    at file:///home/tom/build/Tombombadilom/test/test-frontend/node_modules/.pnpm/@vitest+runner@1.6.0/node_modules/@vitest/runner/dist/index.js:60:26
    at runTest (file:///home/tom/build/Tombombadilom/test/test-frontend/node_modules/.pnpm/@vitest+runner@1.6.0/node_modules/@vitest/runner/dist/index.js:781:17)
    at runSuite (file:///home/tom/build/Tombombadilom/test/test-frontend/node_modules/.pnpm/@vitest+runner@1.6.0/node_modules/@vitest/runner/dist/index.js:909:15)
    at runSuite (file:///home/tom/build/Tombombadilom/test/test-frontend/node_modules/.pnpm/@vitest+runner@1.6.0/node_modules/@vitest/runner/dist/index.js:909:15)]]>
      </error>
    </testCase>
  </file>
  <file path="src/components/theme/__tests__/ModeToggle.test.tsx">
    <testCase name="ModeToggle - renders the toggle button" duration="150" />
    <testCase name="ModeToggle - toggles from light to dark theme when clicked" duration="135" />
    <testCase name="ModeToggle - toggles from dark to light theme when clicked" duration="156" />
    <testCase name="ModeToggle - toggles from system to light theme when clicked" duration="88" />
  </file>
  <file path="src/components/theme/__tests__/ThemeProvider.test.tsx">
    <testCase name="ThemeProvider - renders children with default theme" duration="64" />
    <testCase name="ThemeProvider - applies dark theme when specified" duration="7" />
    <testCase name="ThemeProvider - persists theme in localStorage" duration="14" />
    <testCase name="ThemeProvider - uses the saved theme from localStorage if available" duration="3" />
    <testCase name="ThemeProvider - responds to system theme changes" duration="9">
      <error message="[2mexpect([22m[31melement[39m[2m).toHaveClass([22m[32m[32m&quot;dark&quot;[32m[39m[2m)[22m

Expected the element to have class:
[32m  dark[39m
Received:
[31m  light[39m">
        <![CDATA[Error: [2mexpect([22m[31melement[39m[2m).toHaveClass([22m[32m[32m&quot;dark&quot;[32m[39m[2m)[22m

Expected the element to have class:
[32m  dark[39m
Received:
[31m  light[39m
    at Proxy.expectWrapper (file:///home/tom/build/Tombombadilom/test/test-frontend/node_modules/.pnpm/@vitest+expect@1.6.0/node_modules/@vitest/expect/dist/index.js:1584:17)
    at Proxy.&lt;anonymous&gt; (file:///home/tom/build/Tombombadilom/test/test-frontend/node_modules/.pnpm/@vitest+expect@1.6.0/node_modules/@vitest/expect/dist/index.js:800:17)
    at Proxy.methodWrapper (/home/tom/build/Tombombadilom/test/test-frontend/node_modules/.pnpm/chai@4.5.0/node_modules/chai/lib/chai/utils/addMethod.js:57:25)
    at /home/tom/build/Tombombadilom/test/test-frontend/src/components/theme/__tests__/ThemeProvider.test.tsx:141:38
    at file:///home/tom/build/Tombombadilom/test/test-frontend/node_modules/.pnpm/@vitest+runner@1.6.0/node_modules/@vitest/runner/dist/index.js:135:14
    at file:///home/tom/build/Tombombadilom/test/test-frontend/node_modules/.pnpm/@vitest+runner@1.6.0/node_modules/@vitest/runner/dist/index.js:60:26
    at runTest (file:///home/tom/build/Tombombadilom/test/test-frontend/node_modules/.pnpm/@vitest+runner@1.6.0/node_modules/@vitest/runner/dist/index.js:781:17)
    at runSuite (file:///home/tom/build/Tombombadilom/test/test-frontend/node_modules/.pnpm/@vitest+runner@1.6.0/node_modules/@vitest/runner/dist/index.js:909:15)
    at runSuite (file:///home/tom/build/Tombombadilom/test/test-frontend/node_modules/.pnpm/@vitest+runner@1.6.0/node_modules/@vitest/runner/dist/index.js:909:15)
    at runFiles (file:///home/tom/build/Tombombadilom/test/test-frontend/node_modules/.pnpm/@vitest+runner@1.6.0/node_modules/@vitest/runner/dist/index.js:958:5)]]>
      </error>
    </testCase>
  </file>
  <file path="src/components/ui/__tests__/sortable-list-item.test.tsx">
    <testCase name="SortableListItem - renders with content" duration="33" />
    <testCase name="SortableListItem - applies custom className" duration="8">
      <error message="[2mexpect([22m[31melement[39m[2m).toHaveClass([22m[32m[32m&quot;custom-class&quot;[32m[39m[2m)[22m

Expected the element to have class:
[32m  custom-class[39m
Received:
[31m[39m">
        <![CDATA[Error: [2mexpect([22m[31melement[39m[2m).toHaveClass([22m[32m[32m&quot;custom-class&quot;[32m[39m[2m)[22m

Expected the element to have class:
[32m  custom-class[39m
Received:
[31m[39m
    at Proxy.expectWrapper (file:///home/tom/build/Tombombadilom/test/test-frontend/node_modules/.pnpm/@vitest+expect@1.6.0/node_modules/@vitest/expect/dist/index.js:1584:17)
    at Proxy.&lt;anonymous&gt; (file:///home/tom/build/Tombombadilom/test/test-frontend/node_modules/.pnpm/@vitest+expect@1.6.0/node_modules/@vitest/expect/dist/index.js:800:17)
    at Proxy.methodWrapper (/home/tom/build/Tombombadilom/test/test-frontend/node_modules/.pnpm/chai@4.5.0/node_modules/chai/lib/chai/utils/addMethod.js:57:25)
    at /home/tom/build/Tombombadilom/test/test-frontend/src/components/ui/__tests__/sortable-list-item.test.tsx:26:23
    at file:///home/tom/build/Tombombadilom/test/test-frontend/node_modules/.pnpm/@vitest+runner@1.6.0/node_modules/@vitest/runner/dist/index.js:135:14
    at file:///home/tom/build/Tombombadilom/test/test-frontend/node_modules/.pnpm/@vitest+runner@1.6.0/node_modules/@vitest/runner/dist/index.js:60:26
    at runTest (file:///home/tom/build/Tombombadilom/test/test-frontend/node_modules/.pnpm/@vitest+runner@1.6.0/node_modules/@vitest/runner/dist/index.js:781:17)
    at runSuite (file:///home/tom/build/Tombombadilom/test/test-frontend/node_modules/.pnpm/@vitest+runner@1.6.0/node_modules/@vitest/runner/dist/index.js:909:15)
    at runSuite (file:///home/tom/build/Tombombadilom/test/test-frontend/node_modules/.pnpm/@vitest+runner@1.6.0/node_modules/@vitest/runner/dist/index.js:909:15)
    at runFiles (file:///home/tom/build/Tombombadilom/test/test-frontend/node_modules/.pnpm/@vitest+runner@1.6.0/node_modules/@vitest/runner/dist/index.js:958:5)]]>
      </error>
    </testCase>
    <testCase name="SortableListItem - renders with drag handle" duration="43" />
  </file>
  <file path="src/components/ui/__tests__/sortable-list.test.tsx">
    <testCase name="SortableList - renders all items" duration="78" />
    <testCase name="SortableList - calls onReorder when items are reordered with mouse" duration="160">
      <failure message="expected &quot;spy&quot; to be called with arguments: [ [ …(3) ] ][90m

Received: 

[39m[90m

Number of calls: [1m0[22m
[39m">
        <![CDATA[AssertionError: expected &quot;spy&quot; to be called with arguments: [ [ …(3) ] ][90m

Received: 

[39m[90m

Number of calls: [1m0[22m
[39m
    at Proxy.&lt;anonymous&gt; (file:///home/tom/build/Tombombadilom/test/test-frontend/node_modules/.pnpm/@vitest+expect@1.6.0/node_modules/@vitest/expect/dist/index.js:1293:13)
    at Proxy.&lt;anonymous&gt; (file:///home/tom/build/Tombombadilom/test/test-frontend/node_modules/.pnpm/@vitest+expect@1.6.0/node_modules/@vitest/expect/dist/index.js:800:17)
    at Proxy.methodWrapper (/home/tom/build/Tombombadilom/test/test-frontend/node_modules/.pnpm/chai@4.5.0/node_modules/chai/lib/chai/utils/addMethod.js:57:25)
    at /home/tom/build/Tombombadilom/test/test-frontend/src/components/ui/__tests__/sortable-list.test.tsx:57:27
    at runTest (file:///home/tom/build/Tombombadilom/test/test-frontend/node_modules/.pnpm/@vitest+runner@1.6.0/node_modules/@vitest/runner/dist/index.js:781:11)
    at runSuite (file:///home/tom/build/Tombombadilom/test/test-frontend/node_modules/.pnpm/@vitest+runner@1.6.0/node_modules/@vitest/runner/dist/index.js:909:15)
    at runSuite (file:///home/tom/build/Tombombadilom/test/test-frontend/node_modules/.pnpm/@vitest+runner@1.6.0/node_modules/@vitest/runner/dist/index.js:909:15)
    at runFiles (file:///home/tom/build/Tombombadilom/test/test-frontend/node_modules/.pnpm/@vitest+runner@1.6.0/node_modules/@vitest/runner/dist/index.js:958:5)
    at startTests (file:///home/tom/build/Tombombadilom/test/test-frontend/node_modules/.pnpm/@vitest+runner@1.6.0/node_modules/@vitest/runner/dist/index.js:967:3)
    at file:///home/tom/build/Tombombadilom/test/test-frontend/node_modules/.pnpm/vitest@1.6.0_@types+node@22.13.9_jsdom@24.0.0_lightningcss@1.29.2/node_modules/vitest/dist/chunks/runtime-runBaseTests.oAvMKtQC.js:116:7]]>
      </failure>
    </testCase>
    <testCase name="SortableList - calls onReorder when items are reordered with keyboard" duration="48">
      <error message="[2mexpect([22m[31melement[39m[2m).toHaveFocus()[22m

Expected element with focus:
  [32m&lt;div
  aria-label=&quot;Drag to reorder&quot;
  class=&quot;sortable-list-item-handle&quot;
&gt;
  &lt;svg
    aria-hidden=&quot;true&quot;
    fill=&quot;none&quot;
    height=&quot;24&quot;
    stroke=&quot;currentColor&quot;
    stroke-linecap=&quot;round&quot;
    stroke-linejoin=&quot;round&quot;
    stroke-width=&quot;2&quot;
    viewBox=&quot;0 0 24 24&quot;
    width=&quot;24&quot;
    xmlns=&quot;http://www.w3.org/2000/svg&quot;
  &gt;
    &lt;circle
      cx=&quot;9&quot;
      cy=&quot;5&quot;
      r=&quot;1&quot;
    /&gt;
    &lt;circle
      cx=&quot;9&quot;
      cy=&quot;12&quot;
      r=&quot;1&quot;
    /&gt;
    &lt;circle
      cx=&quot;9&quot;
      cy=&quot;19&quot;
      r=&quot;1&quot;
    /&gt;
    &lt;circle
      cx=&quot;15&quot;
      cy=&quot;5&quot;
      r=&quot;1&quot;
    /&gt;
    &lt;circle
      cx=&quot;15&quot;
      cy=&quot;12&quot;
      r=&quot;1&quot;
    /&gt;
    &lt;circle
      cx=&quot;15&quot;
      cy=&quot;19&quot;
      r=&quot;1&quot;
    /&gt;
  &lt;/svg&gt;
&lt;/div&gt;[39m
Received element with focus:
  [31m&lt;div
  aria-describedby=&quot;DndDescribedBy-2&quot;
  aria-disabled=&quot;false&quot;
  aria-roledescription=&quot;sortable&quot;
  class=&quot;sortable-list-item&quot;
  role=&quot;button&quot;
  tabindex=&quot;0&quot;
&gt;
  &lt;div
    aria-label=&quot;Drag to reorder&quot;
    class=&quot;sortable-list-item-handle&quot;
  &gt;
    &lt;svg
      aria-hidden=&quot;true&quot;
      fill=&quot;none&quot;
      height=&quot;24&quot;
      stroke=&quot;currentColor&quot;
      stroke-linecap=&quot;round&quot;
      stroke-linejoin=&quot;round&quot;
      stroke-width=&quot;2&quot;
      viewBox=&quot;0 0 24 24&quot;
      width=&quot;24&quot;
      xmlns=&quot;http://www.w3.org/2000/svg&quot;
    &gt;
      &lt;circle
        cx=&quot;9&quot;
        cy=&quot;5&quot;
        r=&quot;1&quot;
      /&gt;
      &lt;circle
        cx=&quot;9&quot;
        cy=&quot;12&quot;
        r=&quot;1&quot;
      /&gt;
      &lt;circle
        cx=&quot;9&quot;
        cy=&quot;19&quot;
        r=&quot;1&quot;
      /&gt;
      &lt;circle
        cx=&quot;15&quot;
        cy=&quot;5&quot;
        r=&quot;1&quot;
      /&gt;
      &lt;circle
        cx=&quot;15&quot;
        cy=&quot;12&quot;
        r=&quot;1&quot;
      /&gt;
      &lt;circle
        cx=&quot;15&quot;
        cy=&quot;19&quot;
        r=&quot;1&quot;
      /&gt;
    &lt;/svg&gt;
  &lt;/div&gt;
  &lt;div&gt;
    Item 1
  &lt;/div&gt;
&lt;/div&gt;[39m">
        <![CDATA[Error: [2mexpect([22m[31melement[39m[2m).toHaveFocus()[22m

Expected element with focus:
  [32m&lt;div
  aria-label=&quot;Drag to reorder&quot;
  class=&quot;sortable-list-item-handle&quot;
&gt;
  &lt;svg
    aria-hidden=&quot;true&quot;
    fill=&quot;none&quot;
    height=&quot;24&quot;
    stroke=&quot;currentColor&quot;
    stroke-linecap=&quot;round&quot;
    stroke-linejoin=&quot;round&quot;
    stroke-width=&quot;2&quot;
    viewBox=&quot;0 0 24 24&quot;
    width=&quot;24&quot;
    xmlns=&quot;http://www.w3.org/2000/svg&quot;
  &gt;
    &lt;circle
      cx=&quot;9&quot;
      cy=&quot;5&quot;
      r=&quot;1&quot;
    /&gt;
    &lt;circle
      cx=&quot;9&quot;
      cy=&quot;12&quot;
      r=&quot;1&quot;
    /&gt;
    &lt;circle
      cx=&quot;9&quot;
      cy=&quot;19&quot;
      r=&quot;1&quot;
    /&gt;
    &lt;circle
      cx=&quot;15&quot;
      cy=&quot;5&quot;
      r=&quot;1&quot;
    /&gt;
    &lt;circle
      cx=&quot;15&quot;
      cy=&quot;12&quot;
      r=&quot;1&quot;
    /&gt;
    &lt;circle
      cx=&quot;15&quot;
      cy=&quot;19&quot;
      r=&quot;1&quot;
    /&gt;
  &lt;/svg&gt;
&lt;/div&gt;[39m
Received element with focus:
  [31m&lt;div
  aria-describedby=&quot;DndDescribedBy-2&quot;
  aria-disabled=&quot;false&quot;
  aria-roledescription=&quot;sortable&quot;
  class=&quot;sortable-list-item&quot;
  role=&quot;button&quot;
  tabindex=&quot;0&quot;
&gt;
  &lt;div
    aria-label=&quot;Drag to reorder&quot;
    class=&quot;sortable-list-item-handle&quot;
  &gt;
    &lt;svg
      aria-hidden=&quot;true&quot;
      fill=&quot;none&quot;
      height=&quot;24&quot;
      stroke=&quot;currentColor&quot;
      stroke-linecap=&quot;round&quot;
      stroke-linejoin=&quot;round&quot;
      stroke-width=&quot;2&quot;
      viewBox=&quot;0 0 24 24&quot;
      width=&quot;24&quot;
      xmlns=&quot;http://www.w3.org/2000/svg&quot;
    &gt;
      &lt;circle
        cx=&quot;9&quot;
        cy=&quot;5&quot;
        r=&quot;1&quot;
      /&gt;
      &lt;circle
        cx=&quot;9&quot;
        cy=&quot;12&quot;
        r=&quot;1&quot;
      /&gt;
      &lt;circle
        cx=&quot;9&quot;
        cy=&quot;19&quot;
        r=&quot;1&quot;
      /&gt;
      &lt;circle
        cx=&quot;15&quot;
        cy=&quot;5&quot;
        r=&quot;1&quot;
      /&gt;
      &lt;circle
        cx=&quot;15&quot;
        cy=&quot;12&quot;
        r=&quot;1&quot;
      /&gt;
      &lt;circle
        cx=&quot;15&quot;
        cy=&quot;19&quot;
        r=&quot;1&quot;
      /&gt;
    &lt;/svg&gt;
  &lt;/div&gt;
  &lt;div&gt;
    Item 1
  &lt;/div&gt;
&lt;/div&gt;[39m
    at Proxy.expectWrapper (file:///home/tom/build/Tombombadilom/test/test-frontend/node_modules/.pnpm/@vitest+expect@1.6.0/node_modules/@vitest/expect/dist/index.js:1584:17)
    at Proxy.&lt;anonymous&gt; (file:///home/tom/build/Tombombadilom/test/test-frontend/node_modules/.pnpm/@vitest+expect@1.6.0/node_modules/@vitest/expect/dist/index.js:800:17)
    at Proxy.methodWrapper (/home/tom/build/Tombombadilom/test/test-frontend/node_modules/.pnpm/chai@4.5.0/node_modules/chai/lib/chai/utils/addMethod.js:57:25)
    at /home/tom/build/Tombombadilom/test/test-frontend/src/components/ui/__tests__/sortable-list.test.tsx:85:20
    at runTest (file:///home/tom/build/Tombombadilom/test/test-frontend/node_modules/.pnpm/@vitest+runner@1.6.0/node_modules/@vitest/runner/dist/index.js:781:11)
    at runSuite (file:///home/tom/build/Tombombadilom/test/test-frontend/node_modules/.pnpm/@vitest+runner@1.6.0/node_modules/@vitest/runner/dist/index.js:909:15)
    at runSuite (file:///home/tom/build/Tombombadilom/test/test-frontend/node_modules/.pnpm/@vitest+runner@1.6.0/node_modules/@vitest/runner/dist/index.js:909:15)
    at runFiles (file:///home/tom/build/Tombombadilom/test/test-frontend/node_modules/.pnpm/@vitest+runner@1.6.0/node_modules/@vitest/runner/dist/index.js:958:5)
    at startTests (file:///home/tom/build/Tombombadilom/test/test-frontend/node_modules/.pnpm/@vitest+runner@1.6.0/node_modules/@vitest/runner/dist/index.js:967:3)
    at file:///home/tom/build/Tombombadilom/test/test-frontend/node_modules/.pnpm/vitest@1.6.0_@types+node@22.13.9_jsdom@24.0.0_lightningcss@1.29.2/node_modules/vitest/dist/chunks/runtime-runBaseTests.oAvMKtQC.js:116:7]]>
      </error>
    </testCase>
    <testCase name="SortableList - applies custom className" duration="16" />
    <testCase name="SortableList - renders items with custom render function" duration="15" />
    <testCase name="SortableList - applies correct styles to list items" duration="25" />
    <testCase name="SortableList - applies correct ARIA attributes to the list container" duration="8" />
    <testCase name="SortableList - handles keyboard navigation between items" duration="21">
      <error message="[2mexpect([22m[31melement[39m[2m).toHaveFocus()[22m

Expected element with focus:
  [32m&lt;div
  aria-label=&quot;Drag to reorder&quot;
  class=&quot;sortable-list-item-handle&quot;
&gt;
  &lt;svg
    aria-hidden=&quot;true&quot;
    fill=&quot;none&quot;
    height=&quot;24&quot;
    stroke=&quot;currentColor&quot;
    stroke-linecap=&quot;round&quot;
    stroke-linejoin=&quot;round&quot;
    stroke-width=&quot;2&quot;
    viewBox=&quot;0 0 24 24&quot;
    width=&quot;24&quot;
    xmlns=&quot;http://www.w3.org/2000/svg&quot;
  &gt;
    &lt;circle
      cx=&quot;9&quot;
      cy=&quot;5&quot;
      r=&quot;1&quot;
    /&gt;
    &lt;circle
      cx=&quot;9&quot;
      cy=&quot;12&quot;
      r=&quot;1&quot;
    /&gt;
    &lt;circle
      cx=&quot;9&quot;
      cy=&quot;19&quot;
      r=&quot;1&quot;
    /&gt;
    &lt;circle
      cx=&quot;15&quot;
      cy=&quot;5&quot;
      r=&quot;1&quot;
    /&gt;
    &lt;circle
      cx=&quot;15&quot;
      cy=&quot;12&quot;
      r=&quot;1&quot;
    /&gt;
    &lt;circle
      cx=&quot;15&quot;
      cy=&quot;19&quot;
      r=&quot;1&quot;
    /&gt;
  &lt;/svg&gt;
&lt;/div&gt;[39m
Received element with focus:
  [31m&lt;div
  aria-describedby=&quot;DndDescribedBy-7&quot;
  aria-disabled=&quot;false&quot;
  aria-roledescription=&quot;sortable&quot;
  class=&quot;sortable-list-item&quot;
  role=&quot;button&quot;
  tabindex=&quot;0&quot;
&gt;
  &lt;div
    aria-label=&quot;Drag to reorder&quot;
    class=&quot;sortable-list-item-handle&quot;
  &gt;
    &lt;svg
      aria-hidden=&quot;true&quot;
      fill=&quot;none&quot;
      height=&quot;24&quot;
      stroke=&quot;currentColor&quot;
      stroke-linecap=&quot;round&quot;
      stroke-linejoin=&quot;round&quot;
      stroke-width=&quot;2&quot;
      viewBox=&quot;0 0 24 24&quot;
      width=&quot;24&quot;
      xmlns=&quot;http://www.w3.org/2000/svg&quot;
    &gt;
      &lt;circle
        cx=&quot;9&quot;
        cy=&quot;5&quot;
        r=&quot;1&quot;
      /&gt;
      &lt;circle
        cx=&quot;9&quot;
        cy=&quot;12&quot;
        r=&quot;1&quot;
      /&gt;
      &lt;circle
        cx=&quot;9&quot;
        cy=&quot;19&quot;
        r=&quot;1&quot;
      /&gt;
      &lt;circle
        cx=&quot;15&quot;
        cy=&quot;5&quot;
        r=&quot;1&quot;
      /&gt;
      &lt;circle
        cx=&quot;15&quot;
        cy=&quot;12&quot;
        r=&quot;1&quot;
      /&gt;
      &lt;circle
        cx=&quot;15&quot;
        cy=&quot;19&quot;
        r=&quot;1&quot;
      /&gt;
    &lt;/svg&gt;
  &lt;/div&gt;
  &lt;div&gt;
    Item 1
  &lt;/div&gt;
&lt;/div&gt;[39m">
        <![CDATA[Error: [2mexpect([22m[31melement[39m[2m).toHaveFocus()[22m

Expected element with focus:
  [32m&lt;div
  aria-label=&quot;Drag to reorder&quot;
  class=&quot;sortable-list-item-handle&quot;
&gt;
  &lt;svg
    aria-hidden=&quot;true&quot;
    fill=&quot;none&quot;
    height=&quot;24&quot;
    stroke=&quot;currentColor&quot;
    stroke-linecap=&quot;round&quot;
    stroke-linejoin=&quot;round&quot;
    stroke-width=&quot;2&quot;
    viewBox=&quot;0 0 24 24&quot;
    width=&quot;24&quot;
    xmlns=&quot;http://www.w3.org/2000/svg&quot;
  &gt;
    &lt;circle
      cx=&quot;9&quot;
      cy=&quot;5&quot;
      r=&quot;1&quot;
    /&gt;
    &lt;circle
      cx=&quot;9&quot;
      cy=&quot;12&quot;
      r=&quot;1&quot;
    /&gt;
    &lt;circle
      cx=&quot;9&quot;
      cy=&quot;19&quot;
      r=&quot;1&quot;
    /&gt;
    &lt;circle
      cx=&quot;15&quot;
      cy=&quot;5&quot;
      r=&quot;1&quot;
    /&gt;
    &lt;circle
      cx=&quot;15&quot;
      cy=&quot;12&quot;
      r=&quot;1&quot;
    /&gt;
    &lt;circle
      cx=&quot;15&quot;
      cy=&quot;19&quot;
      r=&quot;1&quot;
    /&gt;
  &lt;/svg&gt;
&lt;/div&gt;[39m
Received element with focus:
  [31m&lt;div
  aria-describedby=&quot;DndDescribedBy-7&quot;
  aria-disabled=&quot;false&quot;
  aria-roledescription=&quot;sortable&quot;
  class=&quot;sortable-list-item&quot;
  role=&quot;button&quot;
  tabindex=&quot;0&quot;
&gt;
  &lt;div
    aria-label=&quot;Drag to reorder&quot;
    class=&quot;sortable-list-item-handle&quot;
  &gt;
    &lt;svg
      aria-hidden=&quot;true&quot;
      fill=&quot;none&quot;
      height=&quot;24&quot;
      stroke=&quot;currentColor&quot;
      stroke-linecap=&quot;round&quot;
      stroke-linejoin=&quot;round&quot;
      stroke-width=&quot;2&quot;
      viewBox=&quot;0 0 24 24&quot;
      width=&quot;24&quot;
      xmlns=&quot;http://www.w3.org/2000/svg&quot;
    &gt;
      &lt;circle
        cx=&quot;9&quot;
        cy=&quot;5&quot;
        r=&quot;1&quot;
      /&gt;
      &lt;circle
        cx=&quot;9&quot;
        cy=&quot;12&quot;
        r=&quot;1&quot;
      /&gt;
      &lt;circle
        cx=&quot;9&quot;
        cy=&quot;19&quot;
        r=&quot;1&quot;
      /&gt;
      &lt;circle
        cx=&quot;15&quot;
        cy=&quot;5&quot;
        r=&quot;1&quot;
      /&gt;
      &lt;circle
        cx=&quot;15&quot;
        cy=&quot;12&quot;
        r=&quot;1&quot;
      /&gt;
      &lt;circle
        cx=&quot;15&quot;
        cy=&quot;19&quot;
        r=&quot;1&quot;
      /&gt;
    &lt;/svg&gt;
  &lt;/div&gt;
  &lt;div&gt;
    Item 1
  &lt;/div&gt;
&lt;/div&gt;[39m
    at Proxy.expectWrapper (file:///home/tom/build/Tombombadilom/test/test-frontend/node_modules/.pnpm/@vitest+expect@1.6.0/node_modules/@vitest/expect/dist/index.js:1584:17)
    at Proxy.&lt;anonymous&gt; (file:///home/tom/build/Tombombadilom/test/test-frontend/node_modules/.pnpm/@vitest+expect@1.6.0/node_modules/@vitest/expect/dist/index.js:800:17)
    at Proxy.methodWrapper (/home/tom/build/Tombombadilom/test/test-frontend/node_modules/.pnpm/chai@4.5.0/node_modules/chai/lib/chai/utils/addMethod.js:57:25)
    at /home/tom/build/Tombombadilom/test/test-frontend/src/components/ui/__tests__/sortable-list.test.tsx:191:21
    at runTest (file:///home/tom/build/Tombombadilom/test/test-frontend/node_modules/.pnpm/@vitest+runner@1.6.0/node_modules/@vitest/runner/dist/index.js:781:11)
    at runSuite (file:///home/tom/build/Tombombadilom/test/test-frontend/node_modules/.pnpm/@vitest+runner@1.6.0/node_modules/@vitest/runner/dist/index.js:909:15)
    at runSuite (file:///home/tom/build/Tombombadilom/test/test-frontend/node_modules/.pnpm/@vitest+runner@1.6.0/node_modules/@vitest/runner/dist/index.js:909:15)
    at runFiles (file:///home/tom/build/Tombombadilom/test/test-frontend/node_modules/.pnpm/@vitest+runner@1.6.0/node_modules/@vitest/runner/dist/index.js:958:5)
    at startTests (file:///home/tom/build/Tombombadilom/test/test-frontend/node_modules/.pnpm/@vitest+runner@1.6.0/node_modules/@vitest/runner/dist/index.js:967:3)
    at file:///home/tom/build/Tombombadilom/test/test-frontend/node_modules/.pnpm/vitest@1.6.0_@types+node@22.13.9_jsdom@24.0.0_lightningcss@1.29.2/node_modules/vitest/dist/chunks/runtime-runBaseTests.oAvMKtQC.js:116:7]]>
      </error>
    </testCase>
  </file>
  <file path="src/context/__tests__/theme-context.test.tsx">
    <testCase name="ThemeProvider - should use default theme when no localStorage value" duration="54" />
    <testCase name="ThemeProvider - should use theme from localStorage" duration="11" />
    <testCase name="ThemeProvider - should change theme when setTheme is called" duration="15" />
    <testCase name="ThemeProvider - should apply system theme when theme is system" duration="5" />
  </file>
  <file path="src/hooks/__tests__/use-auth.test.tsx">
    <testCase name="useAuth hook - should return initial state" duration="25" />
    <testCase name="useAuth hook - should login user successfully" duration="1008" />
    <testCase name="useAuth hook - should set admin role for admin emails" duration="1005" />
    <testCase name="useAuth hook - should logout user" duration="1010" />
  </file>
  <file path="src/hooks/__tests__/use-filters.test.ts">
    <testCase name="useFilters hook - should handle basic filtering operations" duration="1043">
      <failure message="expected +0 to be 2 // Object.is equality

Ignored nodes: comments, script, style
[36m&lt;html[39m
  [33mclass[39m=[32m&quot;light&quot;[39m
[36m&gt;[39m
  [36m&lt;head /&gt;[39m
  [36m&lt;body&gt;[39m
    [36m&lt;div /&gt;[39m
  [36m&lt;/body&gt;[39m
[36m&lt;/html&gt;[39m">
        <![CDATA[AssertionError: expected +0 to be 2 // Object.is equality

Ignored nodes: comments, script, style
[36m&lt;html[39m
  [33mclass[39m=[32m&quot;light&quot;[39m
[36m&gt;[39m
  [36m&lt;head /&gt;[39m
  [36m&lt;body&gt;[39m
    [36m&lt;div /&gt;[39m
  [36m&lt;/body&gt;[39m
[36m&lt;/html&gt;[39m
    at /home/tom/build/Tombombadilom/test/test-frontend/src/hooks/__tests__/use-filters.test.ts:91:51
    at runWithExpensiveErrorDiagnosticsDisabled (/home/tom/build/Tombombadilom/test/test-frontend/node_modules/.pnpm/@testing-library+dom@10.4.0/node_modules/@testing-library/dom/dist/config.js:47:12)
    at checkCallback (/home/tom/build/Tombombadilom/test/test-frontend/node_modules/.pnpm/@testing-library+dom@10.4.0/node_modules/@testing-library/dom/dist/wait-for.js:124:77)
    at Timeout.checkRealTimersCallback (/home/tom/build/Tombombadilom/test/test-frontend/node_modules/.pnpm/@testing-library+dom@10.4.0/node_modules/@testing-library/dom/dist/wait-for.js:118:16)
    at listOnTimeout (node:internal/timers:573:17)
    at processTimers (node:internal/timers:514:7)]]>
      </failure>
    </testCase>
    <testCase name="useFilters hook - should handle price and discount filtering" duration="15" />
    <testCase name="useFilters hook - should handle sorting operations" duration="9" />
    <testCase name="useFilters hook - should handle multiple filters simultaneously" duration="1005">
      <failure message="expected +0 to be 1 // Object.is equality

Ignored nodes: comments, script, style
[36m&lt;html[39m
  [33mclass[39m=[32m&quot;light&quot;[39m
[36m&gt;[39m
  [36m&lt;head /&gt;[39m
  [36m&lt;body&gt;[39m
    [36m&lt;div /&gt;[39m
  [36m&lt;/body&gt;[39m
[36m&lt;/html&gt;[39m">
        <![CDATA[AssertionError: expected +0 to be 1 // Object.is equality

Ignored nodes: comments, script, style
[36m&lt;html[39m
  [33mclass[39m=[32m&quot;light&quot;[39m
[36m&gt;[39m
  [36m&lt;head /&gt;[39m
  [36m&lt;body&gt;[39m
    [36m&lt;div /&gt;[39m
  [36m&lt;/body&gt;[39m
[36m&lt;/html&gt;[39m
    at /home/tom/build/Tombombadilom/test/test-frontend/src/hooks/__tests__/use-filters.test.ts:181:51
    at runWithExpensiveErrorDiagnosticsDisabled (/home/tom/build/Tombombadilom/test/test-frontend/node_modules/.pnpm/@testing-library+dom@10.4.0/node_modules/@testing-library/dom/dist/config.js:47:12)
    at checkCallback (/home/tom/build/Tombombadilom/test/test-frontend/node_modules/.pnpm/@testing-library+dom@10.4.0/node_modules/@testing-library/dom/dist/wait-for.js:124:77)
    at Timeout.checkRealTimersCallback (/home/tom/build/Tombombadilom/test/test-frontend/node_modules/.pnpm/@testing-library+dom@10.4.0/node_modules/@testing-library/dom/dist/wait-for.js:118:16)
    at listOnTimeout (node:internal/timers:573:17)
    at processTimers (node:internal/timers:514:7)]]>
      </failure>
    </testCase>
    <testCase name="useFilters hook - filters games by category" duration="6">
      <failure message="expected [] to have a length of 2 but got +0">
        <![CDATA[AssertionError: expected [] to have a length of 2 but got +0
    at Proxy.&lt;anonymous&gt; (file:///home/tom/build/Tombombadilom/test/test-frontend/node_modules/.pnpm/@vitest+expect@1.6.0/node_modules/@vitest/expect/dist/index.js:1119:22)
    at Proxy.&lt;anonymous&gt; (file:///home/tom/build/Tombombadilom/test/test-frontend/node_modules/.pnpm/@vitest+expect@1.6.0/node_modules/@vitest/expect/dist/index.js:800:17)
    at Proxy.methodWrapper (/home/tom/build/Tombombadilom/test/test-frontend/node_modules/.pnpm/chai@4.5.0/node_modules/chai/lib/chai/utils/addMethod.js:57:25)
    at /home/tom/build/Tombombadilom/test/test-frontend/src/hooks/__tests__/use-filters.test.ts:195:42
    at file:///home/tom/build/Tombombadilom/test/test-frontend/node_modules/.pnpm/@vitest+runner@1.6.0/node_modules/@vitest/runner/dist/index.js:135:14
    at file:///home/tom/build/Tombombadilom/test/test-frontend/node_modules/.pnpm/@vitest+runner@1.6.0/node_modules/@vitest/runner/dist/index.js:60:26
    at runTest (file:///home/tom/build/Tombombadilom/test/test-frontend/node_modules/.pnpm/@vitest+runner@1.6.0/node_modules/@vitest/runner/dist/index.js:781:17)
    at runSuite (file:///home/tom/build/Tombombadilom/test/test-frontend/node_modules/.pnpm/@vitest+runner@1.6.0/node_modules/@vitest/runner/dist/index.js:909:15)
    at runSuite (file:///home/tom/build/Tombombadilom/test/test-frontend/node_modules/.pnpm/@vitest+runner@1.6.0/node_modules/@vitest/runner/dist/index.js:909:15)
    at runFiles (file:///home/tom/build/Tombombadilom/test/test-frontend/node_modules/.pnpm/@vitest+runner@1.6.0/node_modules/@vitest/runner/dist/index.js:958:5)]]>
      </failure>
    </testCase>
  </file>
  <file path="src/hooks/__tests__/use-games.test.tsx">
    <testCase name="useGames hook - should return loading state initially" duration="24" />
    <testCase name="useGames hook - should load games and set loading to false" duration="66" />
    <testCase name="useGames hook - should filter featured and new release games" duration="67" />
  </file>
  <file path="src/hooks/__tests__/use-objects.test.tsx">
    <testCase name="useObjects hook - should return loading state initially" duration="28" />
    <testCase name="useObjects hook - should load objects and set loading to false" duration="10" />
    <testCase name="useObjects hook - should add a new object" duration="7" />
    <testCase name="useObjects hook - should update an existing object" duration="21" />
    <testCase name="useObjects hook - should delete an object" duration="9" />
    <testCase name="useObjects hook - should handle errors during loading" duration="65" />
  </file>
  <file path="src/hooks/__tests__/use-settings.test.ts">
    <testCase name="useSettings hook - should handle basic settings operations" duration="31" />
    <testCase name="useSettings hook - should handle notification settings" duration="6" />
    <testCase name="useSettings hook - should handle currency formatting and settings reset" duration="6" />
  </file>
  <file path="src/hooks/__tests__/use-wishlist.test.ts">
    <testCase name="useWishlist hook - should handle adding and removing items" duration="25" />
    <testCase name="useWishlist hook - should handle duplicate items and wishlist state" duration="17" />
    <testCase name="useWishlist hook - should handle wishlist clearing" duration="4" />
  </file>
  <file path="src/pages/admin/__tests__/LoginPage.test.tsx">

  </file>
  <file path="src/pages/admin/__tests__/RegisterPage.test.tsx">

  </file>
  <file path="src/pages/admin/__tests__/categories.test.tsx">
    <testCase name="CategoriesPage - renders the categories page" duration="176" />
    <testCase name="CategoriesPage - adds a new category" duration="428" />
    <testCase name="CategoriesPage - deletes a category" duration="289" />
  </file>
  <file path="src/pages/admin/__tests__/game-form.test.tsx">
    <testCase name="GameFormPage - renders the create form correctly" duration="228" />
    <testCase name="GameFormPage - validates required fields" duration="211" />
  </file>
  <file path="src/pages/admin/__tests__/object-form.test.tsx">
    <testCase name="ObjectFormPage - renders the create form correctly" duration="296" />
    <testCase name="ObjectFormPage - validates required fields" duration="130" />
  </file>
  <file path="src/pages/admin/__tests__/pack-form.test.tsx">
    <testCase name="PackFormPage - renders the create form correctly" duration="291" />
    <testCase name="PackFormPage - validates required fields" duration="184" />
  </file>
  <file path="src/pages/admin/__tests__/products-form.test.tsx">

  </file>
  <file path="src/pages/admin/__tests__/products.test.tsx">
    <testCase name="AdminProductsPage - renders loading state initially" duration="149" />
    <testCase name="AdminProductsPage - renders products after loading" duration="85" />
    <testCase name="AdminProductsPage - filters products by search query" duration="83" />
    <testCase name="AdminProductsPage - deletes a product" duration="244" />
  </file>
  <file path="src/pages/auth/__tests__/forgot-password.test.tsx">
    <testCase name="ForgotPasswordPage - renders the form correctly" duration="181" />
    <testCase name="ForgotPasswordPage - submits the form with a valid email" duration="184" />
  </file>
  <file path="src/pages/auth/__tests__/register.test.tsx">
    <testCase name="RegisterPage - renders the registration form" duration="228" />
    <testCase name="RegisterPage - shows validation errors for invalid data" duration="81" />
    <testCase name="RegisterPage - submits the form with valid data" duration="79" />
    <testCase name="RegisterPage - toggles password visibility" duration="39" />
  </file>
  <file path="src/pages/user/__tests__/settings.test.tsx">

  </file>
  <file path="src/store/__tests__/cart-store.test.ts">
    <testCase name="Cart Store - should add an item to the cart" duration="2" />
    <testCase name="Cart Store - should increase quantity when adding the same item" duration="1" />
    <testCase name="Cart Store - should remove an item from the cart" duration="0" />
    <testCase name="Cart Store - should update item quantity" duration="1" />
    <testCase name="Cart Store - should clear the cart" duration="0" />
    <testCase name="Cart Store - adds item to cart" duration="1" />
  </file>
</testExecutions>